# JRE version: 7.0_07-b10
# Java VM: Java HotSpot(TM) 64-Bit Server VM (23.3-b01 mixed mode windows-amd64 compressed oops)
Heap
 PSYoungGen      total 247872K, used 121017K [0x00000000f0000000, 0x0000000100000000, 0x0000000100000000)
  eden space 235904K, 47% used [0x00000000f0000000,0x00000000f6c8e418,0x00000000fe660000)
  from space 11968K, 82% used [0x00000000ff450000,0x00000000ffdf0218,0x0000000100000000)
  to   space 13120K, 0% used [0x00000000fe660000,0x00000000fe660000,0x00000000ff330000)
 ParOldGen       total 524288K, used 140537K [0x00000000d0000000, 0x00000000f0000000, 0x00000000f0000000)
  object space 524288K, 26% used [0x00000000d0000000,0x00000000d893e408,0x00000000f0000000)
 PSPermGen       total 262144K, used 83683K [0x00000000c0000000, 0x00000000d0000000, 0x00000000d0000000)
  object space 262144K, 31% used [0x00000000c0000000,0x00000000c51b8cf0,0x00000000d0000000)
GC Heap History (10 events):
Event: 77.749 GC heap before
{Heap before GC invocations=34 (full 0):
 PSYoungGen      total 247104K, used 234656K [0x00000000f0000000, 0x0000000100000000, 0x0000000100000000)
  eden space 232640K, 100% used [0x00000000f0000000,0x00000000fe330000,0x00000000fe330000)
  from space 14464K, 13% used [0x00000000fe330000,0x00000000fe528000,0x00000000ff150000)
  to   space 14144K, 0% used [0x00000000ff230000,0x00000000ff230000,0x0000000100000000)
 ParOldGen       total 524288K, used 124209K [0x00000000d0000000, 0x00000000f0000000, 0x00000000f0000000)
  object space 524288K, 23% used [0x00000000d0000000,0x00000000d794c778,0x00000000f0000000)
 PSPermGen       total 262144K, used 76450K [0x00000000c0000000, 0x00000000d0000000, 0x00000000d0000000)
  object space 262144K, 29% used [0x00000000c0000000,0x00000000c4aa8a70,0x00000000d0000000)
Event: 77.756 GC heap after
Heap after GC invocations=34 (full 0):
 PSYoungGen      total 248512K, used 3044K [0x00000000f0000000, 0x0000000100000000, 0x0000000100000000)
  eden space 234368K, 0% used [0x00000000f0000000,0x00000000f0000000,0x00000000fe4e0000)
  from space 14144K, 21% used [0x00000000ff230000,0x00000000ff5293c0,0x0000000100000000)
  to   space 13632K, 0% used [0x00000000fe4e0000,0x00000000fe4e0000,0x00000000ff230000)
 ParOldGen       total 524288K, used 126057K [0x00000000d0000000, 0x00000000f0000000, 0x00000000f0000000)
  object space 524288K, 24% used [0x00000000d0000000,0x00000000d7b1a498,0x00000000f0000000)
 PSPermGen       total 262144K, used 76450K [0x00000000c0000000, 0x00000000d0000000, 0x00000000d0000000)
  object space 262144K, 29% used [0x00000000c0000000,0x00000000c4aa8a70,0x00000000d0000000)
}
Event: 89.531 GC heap before
{Heap before GC invocations=35 (full 0):
 PSYoungGen      total 248512K, used 237412K [0x00000000f0000000, 0x0000000100000000, 0x0000000100000000)
  eden space 234368K, 100% used [0x00000000f0000000,0x00000000fe4e0000,0x00000000fe4e0000)
  from space 14144K, 21% used [0x00000000ff230000,0x00000000ff5293c0,0x0000000100000000)
  to   space 13632K, 0% used [0x00000000fe4e0000,0x00000000fe4e0000,0x00000000ff230000)
 ParOldGen       total 524288K, used 126057K [0x00000000d0000000, 0x00000000f0000000, 0x00000000f0000000)
  object space 524288K, 24% used [0x00000000d0000000,0x00000000d7b1a498,0x00000000f0000000)
 PSPermGen       total 262144K, used 77951K [0x00000000c0000000, 0x00000000d0000000, 0x00000000d0000000)
  object space 262144K, 29% used [0x00000000c0000000,0x00000000c4c1fcc0,0x00000000d0000000)
Event: 89.545 GC heap after
Heap after GC invocations=35 (full 0):
 PSYoungGen      total 248000K, used 4567K [0x00000000f0000000, 0x0000000100000000, 0x0000000100000000)
  eden space 234368K, 0% used [0x00000000f0000000,0x00000000f0000000,0x00000000fe4e0000)
  from space 13632K, 33% used [0x00000000fe4e0000,0x00000000fe955f70,0x00000000ff230000)
  to   space 12800K, 0% used [0x00000000ff380000,0x00000000ff380000,0x0000000100000000)
 ParOldGen       total 524288K, used 128735K [0x00000000d0000000, 0x00000000f0000000, 0x00000000f0000000)
  object space 524288K, 24% used [0x00000000d0000000,0x00000000d7db7e30,0x00000000f0000000)
 PSPermGen       total 262144K, used 77951K [0x00000000c0000000, 0x00000000d0000000, 0x00000000d0000000)
  object space 262144K, 29% used [0x00000000c0000000,0x00000000c4c1fcc0,0x00000000d0000000)
}
Event: 253.587 GC heap before
{Heap before GC invocations=36 (full 0):
 PSYoungGen      total 248000K, used 238342K [0x00000000f0000000, 0x0000000100000000, 0x0000000100000000)
  eden space 234368K, 99% used [0x00000000f0000000,0x00000000fe44bbd0,0x00000000fe4e0000)
  from space 13632K, 33% used [0x00000000fe4e0000,0x00000000fe955f70,0x00000000ff230000)
  to   space 12800K, 0% used [0x00000000ff380000,0x00000000ff380000,0x0000000100000000)
 ParOldGen       total 524288K, used 128735K [0x00000000d0000000, 0x00000000f0000000, 0x00000000f0000000)
  object space 524288K, 24% used [0x00000000d0000000,0x00000000d7db7e30,0x00000000f0000000)
 PSPermGen       total 262144K, used 79779K [0x00000000c0000000, 0x00000000d0000000, 0x00000000d0000000)
  object space 262144K, 30% used [0x00000000c0000000,0x00000000c4de8c20,0x00000000d0000000)
Event: 253.609 GC heap after
Heap after GC invocations=36 (full 0):
 PSYoungGen      total 249536K, used 6469K [0x00000000f0000000, 0x0000000100000000, 0x0000000100000000)
  eden space 236736K, 0% used [0x00000000f0000000,0x00000000f0000000,0x00000000fe730000)
  from space 12800K, 50% used [0x00000000ff380000,0x00000000ff9d16d0,0x0000000100000000)
  to   space 12608K, 0% used [0x00000000fe730000,0x00000000fe730000,0x00000000ff380000)
 ParOldGen       total 524288K, used 132746K [0x00000000d0000000, 0x00000000f0000000, 0x00000000f0000000)
  object space 524288K, 25% used [0x00000000d0000000,0x00000000d81a2b10,0x00000000f0000000)
 PSPermGen       total 262144K, used 79779K [0x00000000c0000000, 0x00000000d0000000, 0x00000000d0000000)
  object space 262144K, 30% used [0x00000000c0000000,0x00000000c4de8c20,0x00000000d0000000)
}
Event: 413.725 GC heap before
{Heap before GC invocations=37 (full 0):
 PSYoungGen      total 249536K, used 243205K [0x00000000f0000000, 0x0000000100000000, 0x0000000100000000)
  eden space 236736K, 100% used [0x00000000f0000000,0x00000000fe730000,0x00000000fe730000)
  from space 12800K, 50% used [0x00000000ff380000,0x00000000ff9d16d0,0x0000000100000000)
  to   space 12608K, 0% used [0x00000000fe730000,0x00000000fe730000,0x00000000ff380000)
 ParOldGen       total 524288K, used 132746K [0x00000000d0000000, 0x00000000f0000000, 0x00000000f0000000)
  object space 524288K, 25% used [0x00000000d0000000,0x00000000d81a2b10,0x00000000f0000000)
 PSPermGen       total 262144K, used 80849K [0x00000000c0000000, 0x00000000d0000000, 0x00000000d0000000)
  object space 262144K, 30% used [0x00000000c0000000,0x00000000c4ef4688,0x00000000d0000000)
Event: 413.766 GC heap after
Heap after GC invocations=37 (full 0):
 PSYoungGen      total 249344K, used 4349K [0x00000000f0000000, 0x0000000100000000, 0x0000000100000000)
  eden space 236736K, 0% used [0x00000000f0000000,0x00000000f0000000,0x00000000fe730000)
  from space 12608K, 34% used [0x00000000fe730000,0x00000000feb6f498,0x00000000ff380000)
  to   space 11968K, 0% used [0x00000000ff450000,0x00000000ff450000,0x0000000100000000)
 ParOldGen       total 524288K, used 137324K [0x00000000d0000000, 0x00000000f0000000, 0x00000000f0000000)
  object space 524288K, 26% used [0x00000000d0000000,0x00000000d861b118,0x00000000f0000000)
 PSPermGen       total 262144K, used 80849K [0x00000000c0000000, 0x00000000d0000000, 0x00000000d0000000)
  object space 262144K, 30% used [0x00000000c0000000,0x00000000c4ef4688,0x00000000d0000000)
}
Event: 1189.933 GC heap before
{Heap before GC invocations=38 (full 0):
 PSYoungGen      total 249344K, used 235349K [0x00000000f0000000, 0x0000000100000000, 0x0000000100000000)
  eden space 236736K, 97% used [0x00000000f0000000,0x00000000fe196148,0x00000000fe730000)
  from space 12608K, 34% used [0x00000000fe730000,0x00000000feb6f498,0x00000000ff380000)
  to   space 11968K, 0% used [0x00000000ff450000,0x00000000ff450000,0x0000000100000000)
 ParOldGen       total 524288K, used 137324K [0x00000000d0000000, 0x00000000f0000000, 0x00000000f0000000)
  object space 524288K, 26% used [0x00000000d0000000,0x00000000d861b118,0x00000000f0000000)
 PSPermGen       total 262144K, used 82757K [0x00000000c0000000, 0x00000000d0000000, 0x00000000d0000000)
  object space 262144K, 31% used [0x00000000c0000000,0x00000000c50d1610,0x00000000d0000000)
Event: 1189.947 GC heap after
Heap after GC invocations=38 (full 0):
 PSYoungGen      total 247872K, used 9856K [0x00000000f0000000, 0x0000000100000000, 0x0000000100000000)
  eden space 235904K, 0% used [0x00000000f0000000,0x00000000f0000000,0x00000000fe660000)
  from space 11968K, 82% used [0x00000000ff450000,0x00000000ffdf0218,0x0000000100000000)
  to   space 13120K, 0% used [0x00000000fe660000,0x00000000fe660000,0x00000000ff330000)
 ParOldGen       total 524288K, used 140537K [0x00000000d0000000, 0x00000000f0000000, 0x00000000f0000000)
  object space 524288K, 26% used [0x00000000d0000000,0x00000000d893e408,0x00000000f0000000)
 PSPermGen       total 262144K, used 82757K [0x00000000c0000000, 0x00000000d0000000, 0x00000000d0000000)
  object space 262144K, 31% used [0x00000000c0000000,0x00000000c50d1610,0x00000000d0000000)
}

