# JRE version: 7.0_07-b10
# Java VM: Java HotSpot(TM) 64-Bit Server VM (23.3-b01 mixed mode windows-amd64 compressed oops)
Heap
 PSYoungGen      total 248192K, used 234531K [0x00000000f0000000, 0x0000000100000000, 0x0000000100000000)
  eden space 233920K, 99% used [0x00000000f0000000,0x00000000fe30c9b0,0x00000000fe470000)
  from space 14272K, 14% used [0x00000000ff210000,0x00000000ff40c5c0,0x0000000100000000)
  to   space 13952K, 28% used [0x00000000fe470000,0x00000000fe85c378,0x00000000ff210000)
 ParOldGen       total 524288K, used 129285K [0x00000000d0000000, 0x00000000f0000000, 0x00000000f0000000)
  object space 524288K, 24% used [0x00000000d0000000,0x00000000d7e41798,0x00000000f0000000)
 PSPermGen       total 262144K, used 77857K [0x00000000c0000000, 0x00000000d0000000, 0x00000000d0000000)
  object space 262144K, 29% used [0x00000000c0000000,0x00000000c4c08420,0x00000000d0000000)
GC Heap History (10 events):
Event: 26.256 GC heap after
Heap after GC invocations=30 (full 0):
 PSYoungGen      total 246080K, used 4364K [0x00000000f0000000, 0x0000000100000000, 0x0000000100000000)
  eden space 229248K, 0% used [0x00000000f0000000,0x00000000f0000000,0x00000000fdfe0000)
  from space 16832K, 25% used [0x00000000fef90000,0x00000000ff3d3310,0x0000000100000000)
  to   space 16064K, 0% used [0x00000000fdfe0000,0x00000000fdfe0000,0x00000000fef90000)
 ParOldGen       total 524288K, used 115404K [0x00000000d0000000, 0x00000000f0000000, 0x00000000f0000000)
  object space 524288K, 22% used [0x00000000d0000000,0x00000000d70b32b8,0x00000000f0000000)
 PSPermGen       total 262144K, used 71071K [0x00000000c0000000, 0x00000000d0000000, 0x00000000d0000000)
  object space 262144K, 27% used [0x00000000c0000000,0x00000000c4567c20,0x00000000d0000000)
}
Event: 66.973 GC heap before
{Heap before GC invocations=31 (full 0):
 PSYoungGen      total 246080K, used 233382K [0x00000000f0000000, 0x0000000100000000, 0x0000000100000000)
  eden space 229248K, 99% used [0x00000000f0000000,0x00000000fdfa6500,0x00000000fdfe0000)
  from space 16832K, 25% used [0x00000000fef90000,0x00000000ff3d3310,0x0000000100000000)
  to   space 16064K, 0% used [0x00000000fdfe0000,0x00000000fdfe0000,0x00000000fef90000)
 ParOldGen       total 524288K, used 115404K [0x00000000d0000000, 0x00000000f0000000, 0x00000000f0000000)
  object space 524288K, 22% used [0x00000000d0000000,0x00000000d70b32b8,0x00000000f0000000)
 PSPermGen       total 262144K, used 73444K [0x00000000c0000000, 0x00000000d0000000, 0x00000000d0000000)
  object space 262144K, 28% used [0x00000000c0000000,0x00000000c47b9348,0x00000000d0000000)
Event: 66.984 GC heap after
Heap after GC invocations=31 (full 0):
 PSYoungGen      total 245312K, used 4572K [0x00000000f0000000, 0x0000000100000000, 0x0000000100000000)
  eden space 229248K, 0% used [0x00000000f0000000,0x00000000f0000000,0x00000000fdfe0000)
  from space 16064K, 28% used [0x00000000fdfe0000,0x00000000fe457300,0x00000000fef90000)
  to   space 15296K, 0% used [0x00000000ff110000,0x00000000ff110000,0x0000000100000000)
 ParOldGen       total 524288K, used 119283K [0x00000000d0000000, 0x00000000f0000000, 0x00000000f0000000)
  object space 524288K, 22% used [0x00000000d0000000,0x00000000d747cd28,0x00000000f0000000)
 PSPermGen       total 262144K, used 73444K [0x00000000c0000000, 0x00000000d0000000, 0x00000000d0000000)
  object space 262144K, 28% used [0x00000000c0000000,0x00000000c47b9348,0x00000000d0000000)
}
Event: 67.768 GC heap before
{Heap before GC invocations=32 (full 0):
 PSYoungGen      total 245312K, used 233820K [0x00000000f0000000, 0x0000000100000000, 0x0000000100000000)
  eden space 229248K, 100% used [0x00000000f0000000,0x00000000fdfe0000,0x00000000fdfe0000)
  from space 16064K, 28% used [0x00000000fdfe0000,0x00000000fe457300,0x00000000fef90000)
  to   space 15296K, 0% used [0x00000000ff110000,0x00000000ff110000,0x0000000100000000)
 ParOldGen       total 524288K, used 119283K [0x00000000d0000000, 0x00000000f0000000, 0x00000000f0000000)
  object space 524288K, 22% used [0x00000000d0000000,0x00000000d747cd28,0x00000000f0000000)
 PSPermGen       total 262144K, used 74642K [0x00000000c0000000, 0x00000000d0000000, 0x00000000d0000000)
  object space 262144K, 28% used [0x00000000c0000000,0x00000000c48e49c8,0x00000000d0000000)
Event: 67.781 GC heap after
Heap after GC invocations=32 (full 0):
 PSYoungGen      total 247360K, used 3482K [0x00000000f0000000, 0x0000000100000000, 0x0000000100000000)
  eden space 232064K, 0% used [0x00000000f0000000,0x00000000f0000000,0x00000000fe2a0000)
  from space 15296K, 22% used [0x00000000ff110000,0x00000000ff476940,0x0000000100000000)
  to   space 14784K, 0% used [0x00000000fe2a0000,0x00000000fe2a0000,0x00000000ff110000)
 ParOldGen       total 524288K, used 122097K [0x00000000d0000000, 0x00000000f0000000, 0x00000000f0000000)
  object space 524288K, 23% used [0x00000000d0000000,0x00000000d773c708,0x00000000f0000000)
 PSPermGen       total 262144K, used 74642K [0x00000000c0000000, 0x00000000d0000000, 0x00000000d0000000)
  object space 262144K, 28% used [0x00000000c0000000,0x00000000c48e49c8,0x00000000d0000000)
}
Event: 70.841 GC heap before
{Heap before GC invocations=33 (full 0):
 PSYoungGen      total 247360K, used 235488K [0x00000000f0000000, 0x0000000100000000, 0x0000000100000000)
  eden space 232064K, 99% used [0x00000000f0000000,0x00000000fe291aa8,0x00000000fe2a0000)
  from space 15296K, 22% used [0x00000000ff110000,0x00000000ff476940,0x0000000100000000)
  to   space 14784K, 0% used [0x00000000fe2a0000,0x00000000fe2a0000,0x00000000ff110000)
 ParOldGen       total 524288K, used 122097K [0x00000000d0000000, 0x00000000f0000000, 0x00000000f0000000)
  object space 524288K, 23% used [0x00000000d0000000,0x00000000d773c708,0x00000000f0000000)
 PSPermGen       total 262144K, used 75599K [0x00000000c0000000, 0x00000000d0000000, 0x00000000d0000000)
  object space 262144K, 28% used [0x00000000c0000000,0x00000000c49d3f70,0x00000000d0000000)
Event: 70.851 GC heap after
Heap after GC invocations=33 (full 0):
 PSYoungGen      total 246848K, used 3219K [0x00000000f0000000, 0x0000000100000000, 0x0000000100000000)
  eden space 232064K, 0% used [0x00000000f0000000,0x00000000f0000000,0x00000000fe2a0000)
  from space 14784K, 21% used [0x00000000fe2a0000,0x00000000fe5c4d88,0x00000000ff110000)
  to   space 14272K, 0% used [0x00000000ff210000,0x00000000ff210000,0x0000000100000000)
 ParOldGen       total 524288K, used 124724K [0x00000000d0000000, 0x00000000f0000000, 0x00000000f0000000)
  object space 524288K, 23% used [0x00000000d0000000,0x00000000d79cd278,0x00000000f0000000)
 PSPermGen       total 262144K, used 75599K [0x00000000c0000000, 0x00000000d0000000, 0x00000000d0000000)
  object space 262144K, 28% used [0x00000000c0000000,0x00000000c49d3f70,0x00000000d0000000)
}
Event: 71.288 GC heap before
{Heap before GC invocations=34 (full 0):
 PSYoungGen      total 246848K, used 230130K [0x00000000f0000000, 0x0000000100000000, 0x0000000100000000)
  eden space 232064K, 97% used [0x00000000f0000000,0x00000000fdd97c58,0x00000000fe2a0000)
  from space 14784K, 21% used [0x00000000fe2a0000,0x00000000fe5c4d88,0x00000000ff110000)
  to   space 14272K, 0% used [0x00000000ff210000,0x00000000ff210000,0x0000000100000000)
 ParOldGen       total 524288K, used 124724K [0x00000000d0000000, 0x00000000f0000000, 0x00000000f0000000)
  object space 524288K, 23% used [0x00000000d0000000,0x00000000d79cd278,0x00000000f0000000)
 PSPermGen       total 262144K, used 76367K [0x00000000c0000000, 0x00000000d0000000, 0x00000000d0000000)
  object space 262144K, 29% used [0x00000000c0000000,0x00000000c4a93e20,0x00000000d0000000)
Event: 71.297 GC heap after
Heap after GC invocations=34 (full 0):
 PSYoungGen      total 248192K, used 2033K [0x00000000f0000000, 0x0000000100000000, 0x0000000100000000)
  eden space 233920K, 0% used [0x00000000f0000000,0x00000000f0000000,0x00000000fe470000)
  from space 14272K, 14% used [0x00000000ff210000,0x00000000ff40c5c0,0x0000000100000000)
  to   space 13952K, 0% used [0x00000000fe470000,0x00000000fe470000,0x00000000ff210000)
 ParOldGen       total 524288K, used 127596K [0x00000000d0000000, 0x00000000f0000000, 0x00000000f0000000)
  object space 524288K, 24% used [0x00000000d0000000,0x00000000d7c9b0f0,0x00000000f0000000)
 PSPermGen       total 262144K, used 76367K [0x00000000c0000000, 0x00000000d0000000, 0x00000000d0000000)
  object space 262144K, 29% used [0x00000000c0000000,0x00000000c4a93e20,0x00000000d0000000)
}
Event: 91.475 GC heap before
{Heap before GC invocations=35 (full 0):
 PSYoungGen      total 248192K, used 234531K [0x00000000f0000000, 0x0000000100000000, 0x0000000100000000)
  eden space 233920K, 99% used [0x00000000f0000000,0x00000000fe30c8d0,0x00000000fe470000)
  from space 14272K, 14% used [0x00000000ff210000,0x00000000ff40c5c0,0x0000000100000000)
  to   space 13952K, 0% used [0x00000000fe470000,0x00000000fe470000,0x00000000ff210000)
 ParOldGen       total 524288K, used 127596K [0x00000000d0000000, 0x00000000f0000000, 0x00000000f0000000)
  object space 524288K, 24% used [0x00000000d0000000,0x00000000d7c9b0f0,0x00000000f0000000)
 PSPermGen       total 262144K, used 77857K [0x00000000c0000000, 0x00000000d0000000, 0x00000000d0000000)
  object space 262144K, 29% used [0x00000000c0000000,0x00000000c4c08420,0x00000000d0000000)

